<?xml version="1.0" encoding="UTF-8"?>
<!-- Generated by org.testng.reporters.JUnitReportReporter -->
<testsuite hostname="LAPTOP-63TQIUAG" failures="0" tests="1" name="coverFoxTest.varify_coverFox_massege_equalTo_displayed_banner" time="24.050" errors="0" timestamp="2024-01-17T01:19:42 IST" skipped="0">
  <testcase classname="coverFoxTest.varify_coverFox_massege_equalTo_displayed_banner" name="a" time="24.050">
    <system-out>
      <![CDATA[validating actual and expected result]]>
    </system-out>
  </testcase> <!-- a -->
  <system-out>
    <![CDATA[lunching the Browser
validating actual and expected result]]>
  </system-out>
</testsuite> <!-- coverFoxTest.varify_coverFox_massege_equalTo_displayed_banner -->
